08-Sep-2025 16:24:45.101 INFO [main] org.apache.catalina.startup.VersionLoggerListener.log Server version name:   Apache Tomcat/8.5.96
08-Sep-2025 16:24:45.103 INFO [main] org.apache.catalina.startup.VersionLoggerListener.log Server built:          Nov 10 2023 14:56:59 UTC
08-Sep-2025 16:24:45.104 INFO [main] org.apache.catalina.startup.VersionLoggerListener.log Server version number: 8.5.96.0
08-Sep-2025 16:24:45.104 INFO [main] org.apache.catalina.startup.VersionLoggerListener.log OS Name:               Windows 11
08-Sep-2025 16:24:45.104 INFO [main] org.apache.catalina.startup.VersionLoggerListener.log OS Version:            10.0
08-Sep-2025 16:24:45.104 INFO [main] org.apache.catalina.startup.VersionLoggerListener.log Architecture:          x86
08-Sep-2025 16:24:45.104 INFO [main] org.apache.catalina.startup.VersionLoggerListener.log Java Home:             C:\Users\Thomas\AppData\Local\Programs\Eclipse Adoptium\jdk-17.0.12.7-hotspot
08-Sep-2025 16:24:45.104 INFO [main] org.apache.catalina.startup.VersionLoggerListener.log JVM Version:           17.0.12+7
08-Sep-2025 16:24:45.104 INFO [main] org.apache.catalina.startup.VersionLoggerListener.log JVM Vendor:            Eclipse Adoptium
08-Sep-2025 16:24:45.105 INFO [main] org.apache.catalina.startup.VersionLoggerListener.log CATALINA_BASE:         C:\Users\Thomas\AnomiDateWeb\tomcat
08-Sep-2025 16:24:45.105 INFO [main] org.apache.catalina.startup.VersionLoggerListener.log CATALINA_HOME:         C:\Users\Thomas\AnomiDateWeb\tomcat
08-Sep-2025 16:24:45.105 INFO [main] org.apache.catalina.startup.VersionLoggerListener.log Command line argument: --add-opens=java.base/java.lang=ALL-UNNAMED
08-Sep-2025 16:24:45.106 INFO [main] org.apache.catalina.startup.VersionLoggerListener.log Command line argument: --add-opens=java.base/java.io=ALL-UNNAMED
08-Sep-2025 16:24:45.106 INFO [main] org.apache.catalina.startup.VersionLoggerListener.log Command line argument: --add-opens=java.base/java.util=ALL-UNNAMED
08-Sep-2025 16:24:45.106 INFO [main] org.apache.catalina.startup.VersionLoggerListener.log Command line argument: --add-opens=java.base/java.util.concurrent=ALL-UNNAMED
08-Sep-2025 16:24:45.106 INFO [main] org.apache.catalina.startup.VersionLoggerListener.log Command line argument: --add-opens=java.rmi/sun.rmi.transport=ALL-UNNAMED
08-Sep-2025 16:24:45.106 INFO [main] org.apache.catalina.startup.VersionLoggerListener.log Command line argument: -Djava.util.logging.config.file=c:\Users\Thomas\AnomiDateWeb\tomcat\conf\logging.properties
08-Sep-2025 16:24:45.106 INFO [main] org.apache.catalina.startup.VersionLoggerListener.log Command line argument: -Djava.util.logging.manager=org.apache.juli.ClassLoaderLogManager
08-Sep-2025 16:24:45.107 INFO [main] org.apache.catalina.startup.VersionLoggerListener.log Command line argument: -Djdk.tls.ephemeralDHKeySize=2048
08-Sep-2025 16:24:45.107 INFO [main] org.apache.catalina.startup.VersionLoggerListener.log Command line argument: -Djava.protocol.handler.pkgs=org.apache.catalina.webresources
08-Sep-2025 16:24:45.107 INFO [main] org.apache.catalina.startup.VersionLoggerListener.log Command line argument: -Dignore.endorsed.dirs=
08-Sep-2025 16:24:45.107 INFO [main] org.apache.catalina.startup.VersionLoggerListener.log Command line argument: -Dcatalina.base=c:\Users\Thomas\AnomiDateWeb\tomcat
08-Sep-2025 16:24:45.107 INFO [main] org.apache.catalina.startup.VersionLoggerListener.log Command line argument: -Dcatalina.home=c:\Users\Thomas\AnomiDateWeb\tomcat
08-Sep-2025 16:24:45.107 INFO [main] org.apache.catalina.startup.VersionLoggerListener.log Command line argument: -Djava.io.tmpdir=c:\Users\Thomas\AnomiDateWeb\tomcat\temp
08-Sep-2025 16:24:45.107 INFO [main] org.apache.catalina.core.AprLifecycleListener.lifecycleEvent The Apache Tomcat Native library which allows using OpenSSL was not found on the java.library.path: [C:\Users\Thomas\AppData\Local\Programs\Eclipse Adoptium\jdk-17.0.12.7-hotspot\bin;C:\WINDOWS\Sun\Java\bin;C:\WINDOWS\system32;C:\WINDOWS;file:///C:/Users/Thomas/AppData/Local/Packages/PythonSoftwareFoundation.Python.3.12_qbz5n2kfra8p0/LocalCache/local-packages/Python312/Scripts;C:\Program Files (x86)\NVIDIA Corporation\PhysX\Common;C:\Program Files\Git\cmd;C:\Program Files\Docker\Docker\resources\bin;C:\Program Files\nodejs\;C:\ProgramData\chocolatey\bin;C:\Program Files\NVIDIA Corporation\NVIDIA app\NvDLISR;C:\Program Files\dotnet\;C:\WINDOWS\system32;C:\WINDOWS;C:\WINDOWS\System32\Wbem;C:\WINDOWS\System32\WindowsPowerShell\v1.0\;C:\WINDOWS\System32\OpenSSH\;C:\Program Files\PuTTY\;C:\Program Files (x86)\Windows Kits\10\Windows Performance Toolkit\;C:\Users\Thomas\AppData\Local\Programs\Python\Python313\Scripts\;C:\Users\Thomas\AppData\Local\Programs\Python\Python313\;C:\Users\Thomas\AppData\Local\Packages\PythonSoftwareFoundation.Python.3.12_qbz5n2kfra8p0\LocalCache\local-packages\Python312\Scripts;C:\Users\Thomas\AppData\Local\Microsoft\WindowsApps;C:\Users\Thomas\.lmstudio\bin;C:\Users\Thomas\.dotnet\tools;D:\Microsoft VS Code\bin;C:\Users\Thomas\.aftman\bin;C:\Users\Thomas\AppData\Local\Programs\cursor\resources\app\bin;.]
08-Sep-2025 16:24:45.132 INFO [main] org.apache.coyote.AbstractProtocol.init Initializing ProtocolHandler ["http-nio-8080"]
08-Sep-2025 16:24:45.161 SEVERE [main] org.apache.catalina.core.StandardService.initInternal Failed to initialize connector [Connector["http-nio-8080"]]
	org.apache.catalina.LifecycleException: Protocol handler initialization failed
		at org.apache.catalina.connector.Connector.initInternal(Connector.java:1075)
		at org.apache.catalina.util.LifecycleBase.init(LifecycleBase.java:127)
		at org.apache.catalina.core.StandardService.initInternal(StandardService.java:564)
		at org.apache.catalina.util.LifecycleBase.init(LifecycleBase.java:127)
		at org.apache.catalina.core.StandardServer.initInternal(StandardServer.java:854)
		at org.apache.catalina.util.LifecycleBase.init(LifecycleBase.java:127)
		at org.apache.catalina.startup.Catalina.load(Catalina.java:646)
		at org.apache.catalina.startup.Catalina.load(Catalina.java:669)
		at java.base/jdk.internal.reflect.NativeMethodAccessorImpl.invoke0(Native Method)
		at java.base/jdk.internal.reflect.NativeMethodAccessorImpl.invoke(NativeMethodAccessorImpl.java:77)
		at java.base/jdk.internal.reflect.DelegatingMethodAccessorImpl.invoke(DelegatingMethodAccessorImpl.java:43)
		at java.base/java.lang.reflect.Method.invoke(Method.java:569)
		at org.apache.catalina.startup.Bootstrap.load(Bootstrap.java:307)
		at org.apache.catalina.startup.Bootstrap.main(Bootstrap.java:477)
	Caused by: java.net.BindException: Address already in use: bind
		at java.base/sun.nio.ch.Net.bind0(Native Method)
		at java.base/sun.nio.ch.Net.bind(Net.java:555)
		at java.base/sun.nio.ch.ServerSocketChannelImpl.netBind(ServerSocketChannelImpl.java:337)
		at java.base/sun.nio.ch.ServerSocketChannelImpl.bind(ServerSocketChannelImpl.java:294)
		at java.base/sun.nio.ch.ServerSocketAdaptor.bind(ServerSocketAdaptor.java:89)
		at org.apache.tomcat.util.net.NioEndpoint.initServerSocket(NioEndpoint.java:226)
		at org.apache.tomcat.util.net.NioEndpoint.bind(NioEndpoint.java:202)
		at org.apache.tomcat.util.net.AbstractEndpoint.bindWithCleanup(AbstractEndpoint.java:1326)
		at org.apache.tomcat.util.net.AbstractEndpoint.init(AbstractEndpoint.java:1339)
		at org.apache.tomcat.util.net.AbstractJsseEndpoint.init(AbstractJsseEndpoint.java:231)
		at org.apache.coyote.AbstractProtocol.init(AbstractProtocol.java:695)
		at org.apache.coyote.http11.AbstractHttp11Protocol.init(AbstractHttp11Protocol.java:76)
		at org.apache.catalina.connector.Connector.initInternal(Connector.java:1073)
		... 13 more
08-Sep-2025 16:24:45.165 INFO [main] org.apache.catalina.startup.Catalina.load Initialization processed in 368 ms
08-Sep-2025 16:24:45.191 INFO [main] org.apache.catalina.core.StandardService.startInternal Starting service [Catalina]
08-Sep-2025 16:24:45.191 INFO [main] org.apache.catalina.core.StandardEngine.startInternal Starting Servlet engine: [Apache Tomcat/8.5.96]
08-Sep-2025 16:24:45.201 INFO [localhost-startStop-1] org.apache.catalina.startup.HostConfig.deployDirectory Deploying web application directory [C:\Users\Thomas\AnomiDateWeb\tomcat\webapps\docs]
08-Sep-2025 16:24:45.450 INFO [localhost-startStop-1] org.apache.catalina.startup.HostConfig.deployDirectory Deployment of web application directory [C:\Users\Thomas\AnomiDateWeb\tomcat\webapps\docs] has finished in [249] ms
08-Sep-2025 16:24:45.451 INFO [localhost-startStop-1] org.apache.catalina.startup.HostConfig.deployDirectory Deploying web application directory [C:\Users\Thomas\AnomiDateWeb\tomcat\webapps\examples]
08-Sep-2025 16:24:45.762 INFO [localhost-startStop-1] org.apache.catalina.startup.HostConfig.deployDirectory Deployment of web application directory [C:\Users\Thomas\AnomiDateWeb\tomcat\webapps\examples] has finished in [311] ms
08-Sep-2025 16:24:45.763 INFO [localhost-startStop-1] org.apache.catalina.startup.HostConfig.deployDirectory Deploying web application directory [C:\Users\Thomas\AnomiDateWeb\tomcat\webapps\host-manager]
08-Sep-2025 16:24:45.792 INFO [localhost-startStop-1] org.apache.catalina.startup.HostConfig.deployDirectory Deployment of web application directory [C:\Users\Thomas\AnomiDateWeb\tomcat\webapps\host-manager] has finished in [29] ms
08-Sep-2025 16:24:45.792 INFO [localhost-startStop-1] org.apache.catalina.startup.HostConfig.deployDirectory Deploying web application directory [C:\Users\Thomas\AnomiDateWeb\tomcat\webapps\manager]
08-Sep-2025 16:24:45.819 INFO [localhost-startStop-1] org.apache.catalina.startup.HostConfig.deployDirectory Deployment of web application directory [C:\Users\Thomas\AnomiDateWeb\tomcat\webapps\manager] has finished in [26] ms
08-Sep-2025 16:24:45.819 INFO [localhost-startStop-1] org.apache.catalina.startup.HostConfig.deployDirectory Deploying web application directory [C:\Users\Thomas\AnomiDateWeb\tomcat\webapps\ROOT]
08-Sep-2025 16:24:45.837 INFO [localhost-startStop-1] org.apache.catalina.startup.HostConfig.deployDirectory Deployment of web application directory [C:\Users\Thomas\AnomiDateWeb\tomcat\webapps\ROOT] has finished in [18] ms
08-Sep-2025 16:24:45.838 INFO [main] org.apache.catalina.startup.Catalina.start Server startup in 672 ms
08-Sep-2025 16:24:58.685 INFO [main] org.apache.catalina.startup.VersionLoggerListener.log Server version name:   Apache Tomcat/8.5.96
08-Sep-2025 16:24:58.687 INFO [main] org.apache.catalina.startup.VersionLoggerListener.log Server built:          Nov 10 2023 14:56:59 UTC
08-Sep-2025 16:24:58.687 INFO [main] org.apache.catalina.startup.VersionLoggerListener.log Server version number: 8.5.96.0
08-Sep-2025 16:24:58.687 INFO [main] org.apache.catalina.startup.VersionLoggerListener.log OS Name:               Windows 11
08-Sep-2025 16:24:58.687 INFO [main] org.apache.catalina.startup.VersionLoggerListener.log OS Version:            10.0
08-Sep-2025 16:24:58.687 INFO [main] org.apache.catalina.startup.VersionLoggerListener.log Architecture:          x86
08-Sep-2025 16:24:58.688 INFO [main] org.apache.catalina.startup.VersionLoggerListener.log Java Home:             C:\Users\Thomas\AppData\Local\Programs\Eclipse Adoptium\jdk-17.0.12.7-hotspot
08-Sep-2025 16:24:58.688 INFO [main] org.apache.catalina.startup.VersionLoggerListener.log JVM Version:           17.0.12+7
08-Sep-2025 16:24:58.688 INFO [main] org.apache.catalina.startup.VersionLoggerListener.log JVM Vendor:            Eclipse Adoptium
08-Sep-2025 16:24:58.688 INFO [main] org.apache.catalina.startup.VersionLoggerListener.log CATALINA_BASE:         C:\Users\Thomas\AnomiDateWeb\tomcat
08-Sep-2025 16:24:58.689 INFO [main] org.apache.catalina.startup.VersionLoggerListener.log CATALINA_HOME:         C:\Users\Thomas\AnomiDateWeb\tomcat
08-Sep-2025 16:24:58.689 INFO [main] org.apache.catalina.startup.VersionLoggerListener.log Command line argument: --add-opens=java.base/java.lang=ALL-UNNAMED
08-Sep-2025 16:24:58.689 INFO [main] org.apache.catalina.startup.VersionLoggerListener.log Command line argument: --add-opens=java.base/java.io=ALL-UNNAMED
08-Sep-2025 16:24:58.689 INFO [main] org.apache.catalina.startup.VersionLoggerListener.log Command line argument: --add-opens=java.base/java.util=ALL-UNNAMED
08-Sep-2025 16:24:58.689 INFO [main] org.apache.catalina.startup.VersionLoggerListener.log Command line argument: --add-opens=java.base/java.util.concurrent=ALL-UNNAMED
08-Sep-2025 16:24:58.690 INFO [main] org.apache.catalina.startup.VersionLoggerListener.log Command line argument: --add-opens=java.rmi/sun.rmi.transport=ALL-UNNAMED
08-Sep-2025 16:24:58.690 INFO [main] org.apache.catalina.startup.VersionLoggerListener.log Command line argument: -Djava.util.logging.config.file=c:\Users\Thomas\AnomiDateWeb\tomcat\conf\logging.properties
08-Sep-2025 16:24:58.690 INFO [main] org.apache.catalina.startup.VersionLoggerListener.log Command line argument: -Djava.util.logging.manager=org.apache.juli.ClassLoaderLogManager
08-Sep-2025 16:24:58.690 INFO [main] org.apache.catalina.startup.VersionLoggerListener.log Command line argument: -Djdk.tls.ephemeralDHKeySize=2048
08-Sep-2025 16:24:58.691 INFO [main] org.apache.catalina.startup.VersionLoggerListener.log Command line argument: -Djava.protocol.handler.pkgs=org.apache.catalina.webresources
08-Sep-2025 16:24:58.691 INFO [main] org.apache.catalina.startup.VersionLoggerListener.log Command line argument: -Dignore.endorsed.dirs=
08-Sep-2025 16:24:58.691 INFO [main] org.apache.catalina.startup.VersionLoggerListener.log Command line argument: -Dcatalina.base=c:\Users\Thomas\AnomiDateWeb\tomcat
08-Sep-2025 16:24:58.691 INFO [main] org.apache.catalina.startup.VersionLoggerListener.log Command line argument: -Dcatalina.home=c:\Users\Thomas\AnomiDateWeb\tomcat
08-Sep-2025 16:24:58.691 INFO [main] org.apache.catalina.startup.VersionLoggerListener.log Command line argument: -Djava.io.tmpdir=c:\Users\Thomas\AnomiDateWeb\tomcat\temp
08-Sep-2025 16:24:58.692 INFO [main] org.apache.catalina.core.AprLifecycleListener.lifecycleEvent The Apache Tomcat Native library which allows using OpenSSL was not found on the java.library.path: [C:\Users\Thomas\AppData\Local\Programs\Eclipse Adoptium\jdk-17.0.12.7-hotspot\bin;C:\WINDOWS\Sun\Java\bin;C:\WINDOWS\system32;C:\WINDOWS;file:///C:/Users/Thomas/AppData/Local/Packages/PythonSoftwareFoundation.Python.3.12_qbz5n2kfra8p0/LocalCache/local-packages/Python312/Scripts;C:\Program Files (x86)\NVIDIA Corporation\PhysX\Common;C:\Program Files\Git\cmd;C:\Program Files\Docker\Docker\resources\bin;C:\Program Files\nodejs\;C:\ProgramData\chocolatey\bin;C:\Program Files\NVIDIA Corporation\NVIDIA app\NvDLISR;C:\Program Files\dotnet\;C:\WINDOWS\system32;C:\WINDOWS;C:\WINDOWS\System32\Wbem;C:\WINDOWS\System32\WindowsPowerShell\v1.0\;C:\WINDOWS\System32\OpenSSH\;C:\Program Files\PuTTY\;C:\Program Files (x86)\Windows Kits\10\Windows Performance Toolkit\;C:\Users\Thomas\AppData\Local\Programs\Python\Python313\Scripts\;C:\Users\Thomas\AppData\Local\Programs\Python\Python313\;C:\Users\Thomas\AppData\Local\Packages\PythonSoftwareFoundation.Python.3.12_qbz5n2kfra8p0\LocalCache\local-packages\Python312\Scripts;C:\Users\Thomas\AppData\Local\Microsoft\WindowsApps;C:\Users\Thomas\.lmstudio\bin;C:\Users\Thomas\.dotnet\tools;D:\Microsoft VS Code\bin;C:\Users\Thomas\.aftman\bin;C:\Users\Thomas\AppData\Local\Programs\cursor\resources\app\bin;.]
08-Sep-2025 16:24:58.715 INFO [main] org.apache.coyote.AbstractProtocol.init Initializing ProtocolHandler ["http-nio-8080"]
08-Sep-2025 16:24:58.726 SEVERE [main] org.apache.catalina.core.StandardService.initInternal Failed to initialize connector [Connector["http-nio-8080"]]
	org.apache.catalina.LifecycleException: Protocol handler initialization failed
		at org.apache.catalina.connector.Connector.initInternal(Connector.java:1075)
		at org.apache.catalina.util.LifecycleBase.init(LifecycleBase.java:127)
		at org.apache.catalina.core.StandardService.initInternal(StandardService.java:564)
		at org.apache.catalina.util.LifecycleBase.init(LifecycleBase.java:127)
		at org.apache.catalina.core.StandardServer.initInternal(StandardServer.java:854)
		at org.apache.catalina.util.LifecycleBase.init(LifecycleBase.java:127)
		at org.apache.catalina.startup.Catalina.load(Catalina.java:646)
		at org.apache.catalina.startup.Catalina.load(Catalina.java:669)
		at java.base/jdk.internal.reflect.NativeMethodAccessorImpl.invoke0(Native Method)
		at java.base/jdk.internal.reflect.NativeMethodAccessorImpl.invoke(NativeMethodAccessorImpl.java:77)
		at java.base/jdk.internal.reflect.DelegatingMethodAccessorImpl.invoke(DelegatingMethodAccessorImpl.java:43)
		at java.base/java.lang.reflect.Method.invoke(Method.java:569)
		at org.apache.catalina.startup.Bootstrap.load(Bootstrap.java:307)
		at org.apache.catalina.startup.Bootstrap.main(Bootstrap.java:477)
	Caused by: java.net.BindException: Address already in use: bind
		at java.base/sun.nio.ch.Net.bind0(Native Method)
		at java.base/sun.nio.ch.Net.bind(Net.java:555)
		at java.base/sun.nio.ch.ServerSocketChannelImpl.netBind(ServerSocketChannelImpl.java:337)
		at java.base/sun.nio.ch.ServerSocketChannelImpl.bind(ServerSocketChannelImpl.java:294)
		at java.base/sun.nio.ch.ServerSocketAdaptor.bind(ServerSocketAdaptor.java:89)
		at org.apache.tomcat.util.net.NioEndpoint.initServerSocket(NioEndpoint.java:226)
		at org.apache.tomcat.util.net.NioEndpoint.bind(NioEndpoint.java:202)
		at org.apache.tomcat.util.net.AbstractEndpoint.bindWithCleanup(AbstractEndpoint.java:1326)
		at org.apache.tomcat.util.net.AbstractEndpoint.init(AbstractEndpoint.java:1339)
		at org.apache.tomcat.util.net.AbstractJsseEndpoint.init(AbstractJsseEndpoint.java:231)
		at org.apache.coyote.AbstractProtocol.init(AbstractProtocol.java:695)
		at org.apache.coyote.http11.AbstractHttp11Protocol.init(AbstractHttp11Protocol.java:76)
		at org.apache.catalina.connector.Connector.initInternal(Connector.java:1073)
		... 13 more
08-Sep-2025 16:24:58.728 INFO [main] org.apache.catalina.startup.Catalina.load Initialization processed in 286 ms
08-Sep-2025 16:24:58.749 INFO [main] org.apache.catalina.core.StandardService.startInternal Starting service [Catalina]
08-Sep-2025 16:24:58.749 INFO [main] org.apache.catalina.core.StandardEngine.startInternal Starting Servlet engine: [Apache Tomcat/8.5.96]
08-Sep-2025 16:24:58.757 INFO [localhost-startStop-1] org.apache.catalina.startup.HostConfig.deployDirectory Deploying web application directory [C:\Users\Thomas\AnomiDateWeb\tomcat\webapps\docs]
08-Sep-2025 16:24:58.980 INFO [localhost-startStop-1] org.apache.catalina.startup.HostConfig.deployDirectory Deployment of web application directory [C:\Users\Thomas\AnomiDateWeb\tomcat\webapps\docs] has finished in [223] ms
08-Sep-2025 16:24:58.981 INFO [localhost-startStop-1] org.apache.catalina.startup.HostConfig.deployDirectory Deploying web application directory [C:\Users\Thomas\AnomiDateWeb\tomcat\webapps\examples]
08-Sep-2025 16:24:59.293 INFO [localhost-startStop-1] org.apache.catalina.startup.HostConfig.deployDirectory Deployment of web application directory [C:\Users\Thomas\AnomiDateWeb\tomcat\webapps\examples] has finished in [312] ms
08-Sep-2025 16:24:59.294 INFO [localhost-startStop-1] org.apache.catalina.startup.HostConfig.deployDirectory Deploying web application directory [C:\Users\Thomas\AnomiDateWeb\tomcat\webapps\host-manager]
08-Sep-2025 16:24:59.324 INFO [localhost-startStop-1] org.apache.catalina.startup.HostConfig.deployDirectory Deployment of web application directory [C:\Users\Thomas\AnomiDateWeb\tomcat\webapps\host-manager] has finished in [30] ms
08-Sep-2025 16:24:59.325 INFO [localhost-startStop-1] org.apache.catalina.startup.HostConfig.deployDirectory Deploying web application directory [C:\Users\Thomas\AnomiDateWeb\tomcat\webapps\manager]
08-Sep-2025 16:24:59.352 INFO [localhost-startStop-1] org.apache.catalina.startup.HostConfig.deployDirectory Deployment of web application directory [C:\Users\Thomas\AnomiDateWeb\tomcat\webapps\manager] has finished in [27] ms
08-Sep-2025 16:24:59.352 INFO [localhost-startStop-1] org.apache.catalina.startup.HostConfig.deployDirectory Deploying web application directory [C:\Users\Thomas\AnomiDateWeb\tomcat\webapps\ROOT]
08-Sep-2025 16:24:59.372 INFO [localhost-startStop-1] org.apache.catalina.startup.HostConfig.deployDirectory Deployment of web application directory [C:\Users\Thomas\AnomiDateWeb\tomcat\webapps\ROOT] has finished in [19] ms
08-Sep-2025 16:24:59.373 INFO [main] org.apache.catalina.startup.Catalina.start Server startup in 644 ms
08-Sep-2025 16:24:59.385 SEVERE [main] org.apache.catalina.core.StandardServer.await Failed to create server shutdown socket on address [localhost] and port [8005] (base port [8005] and offset [0])
	java.net.BindException: Address already in use: bind
		at java.base/sun.nio.ch.Net.bind0(Native Method)
		at java.base/sun.nio.ch.Net.bind(Net.java:555)
		at java.base/sun.nio.ch.Net.bind(Net.java:544)
		at java.base/sun.nio.ch.NioSocketImpl.bind(NioSocketImpl.java:648)
		at java.base/java.net.ServerSocket.bind(ServerSocket.java:388)
		at java.base/java.net.ServerSocket.<init>(ServerSocket.java:274)
		at org.apache.catalina.core.StandardServer.await(StandardServer.java:444)
		at org.apache.catalina.startup.Catalina.await(Catalina.java:783)
		at org.apache.catalina.startup.Catalina.start(Catalina.java:729)
		at java.base/jdk.internal.reflect.NativeMethodAccessorImpl.invoke0(Native Method)
		at java.base/jdk.internal.reflect.NativeMethodAccessorImpl.invoke(NativeMethodAccessorImpl.java:77)
		at java.base/jdk.internal.reflect.DelegatingMethodAccessorImpl.invoke(DelegatingMethodAccessorImpl.java:43)
		at java.base/java.lang.reflect.Method.invoke(Method.java:569)
		at org.apache.catalina.startup.Bootstrap.start(Bootstrap.java:347)
		at org.apache.catalina.startup.Bootstrap.main(Bootstrap.java:478)
08-Sep-2025 16:24:59.386 INFO [main] org.apache.coyote.AbstractProtocol.pause Pausing ProtocolHandler ["http-nio-8080"]
08-Sep-2025 16:24:59.386 INFO [main] org.apache.catalina.core.StandardService.stopInternal Stopping service [Catalina]
08-Sep-2025 16:24:59.401 INFO [main] org.apache.coyote.AbstractProtocol.stop Stopping ProtocolHandler ["http-nio-8080"]
08-Sep-2025 16:24:59.402 INFO [main] org.apache.coyote.AbstractProtocol.destroy Destroying ProtocolHandler ["http-nio-8080"]
